{"meta": {"format": 2, "version": "7.5.4", "timestamp": "2024-07-04T19:21:38.564215", "branch_coverage": true, "show_contexts": false}, "files": {"/mnt/mfitzpat/git-repos/czekitout/czekitout/__init__.py": {"executed_lines": [14, 27, 28, 29, 30, 39], "summary": {"covered_lines": 5, "num_statements": 5, "percent_covered": 100.0, "percent_covered_display": "100", "missing_lines": 0, "excluded_lines": 0, "num_branches": 0, "num_partial_branches": 0, "covered_branches": 0, "missing_branches": 0}, "missing_lines": [], "excluded_lines": [], "executed_branches": [], "missing_branches": []}, "/mnt/mfitzpat/git-repos/czekitout/czekitout/check.py": {"executed_lines": [14, 26, 27, 32, 37, 40, 49, 94, 95, 97, 98, 100, 102, 105, 107, 111, 112, 113, 114, 115, 116, 117, 119, 121, 123, 126, 128, 132, 166, 167, 169, 170, 172, 176, 177, 178, 181, 183, 184, 187, 189, 193, 211, 213, 214, 215, 216, 217, 219, 223, 241, 243, 244, 245, 247, 248, 249, 250, 252, 256, 275, 277, 278, 279, 280, 281, 282, 283, 285, 289, 322, 323, 325, 326, 327, 329, 333, 334, 335, 336, 338, 339, 341, 342, 343, 344, 345, 346, 347, 349, 350, 352, 353, 355, 359, 380, 382, 383, 384, 386, 388, 389, 390, 391, 393, 397, 415, 417, 418, 419, 421, 422, 423, 424, 425, 426, 428, 432, 450, 452, 453, 454, 455, 456, 457, 458, 460, 464, 485, 486, 488, 490, 491, 492, 494, 498, 519, 521, 522, 524, 525, 527, 528, 531, 533, 534, 535, 536, 538, 542, 563, 564, 566, 568, 569, 570, 572, 576, 598, 600, 601, 603, 604, 606, 607, 610, 612, 613, 614, 615, 617, 621, 639, 641, 642, 643, 645, 647, 648, 649, 650, 651, 653, 657, 675, 677, 678, 679, 680, 681, 682, 683, 685, 689, 710, 711, 713, 714, 715, 716, 717, 718, 719, 721, 725, 746, 748, 749, 751, 752, 754, 755, 756, 758, 759, 760, 761, 763, 767, 788, 789, 791, 792, 793, 794, 795, 796, 797, 799, 803, 824, 826, 827, 829, 830, 832, 834, 836, 838, 839, 840, 841, 843, 847, 869, 870, 871, 872, 873, 874, 875, 876, 877, 878, 879, 881, 885, 909, 911, 913, 914, 916, 918, 920, 921, 922, 923, 924, 925, 927, 928, 930, 931, 932, 934, 938, 956, 958, 959, 960, 961, 962, 963, 964, 965, 966, 967, 968, 970, 974, 995, 997, 998, 1000, 1001, 1002, 1003, 1004, 1006, 1007, 1009, 1010, 1013, 1015, 1016, 1017, 1018, 1020, 1024, 1045, 1047, 1048, 1050, 1051, 1052, 1053, 1054, 1056, 1057, 1059, 1060, 1063, 1065, 1066, 1067, 1068, 1070, 1074, 1092, 1094, 1095, 1096, 1097, 1098, 1099, 1100, 1101, 1102, 1103, 1104, 1106, 1110, 1131, 1133, 1134, 1136, 1137, 1138, 1139, 1140, 1142, 1143, 1145, 1146, 1147, 1149, 1150, 1151, 1152, 1154, 1158, 1179, 1181, 1182, 1184, 1185, 1186, 1187, 1188, 1190, 1191, 1193, 1195, 1196, 1198, 1199, 1200, 1201, 1203, 1207, 1228, 1230, 1231, 1233, 1234, 1235, 1236, 1237, 1239, 1240, 1242, 1244, 1245, 1247, 1248, 1249, 1250, 1252, 1256, 1274, 1276, 1277, 1279, 1281, 1283, 1284, 1285, 1287, 1291, 1309, 1311, 1312, 1314, 1316, 1318, 1319, 1320, 1322, 1326, 1349, 1351, 1352, 1354, 1355, 1357, 1359, 1361, 1363, 1364, 1365, 1366, 1368, 1372, 1390, 1392, 1393, 1394, 1396, 1400, 1418, 1420, 1421, 1422, 1424, 1428, 1446, 1448, 1449, 1450, 1452, 1456, 1475, 1477, 1478, 1479, 1481, 1485, 1503, 1505, 1506, 1507, 1509, 1513, 1534, 1536, 1537, 1538, 1539, 1540, 1542, 1546, 1567, 1569, 1570, 1571, 1572, 1573, 1575, 1579, 1597, 1599, 1600, 1601, 1602, 1603, 1604, 1605, 1606, 1607, 1608, 1609, 1611, 1615, 1633, 1635, 1637, 1638, 1639, 1640, 1641, 1642, 1643, 1645, 1649, 1667, 1669, 1671, 1672, 1673, 1674, 1675, 1676, 1678, 1682, 1700, 1702, 1703, 1704, 1706, 1710, 1728, 1730, 1731, 1732, 1734, 1738, 1756, 1758, 1759, 1760, 1762, 1770, 1773, 1777, 1779, 1783, 1786, 1789, 1792, 1795, 1797, 1800, 1803, 1806, 1809, 1812, 1815, 1818, 1821, 1824, 1827, 1830, 1833, 1836, 1839, 1843, 1848, 1851, 1854, 1857, 1860, 1863, 1866, 1869, 1872, 1875, 1878, 1881, 1884, 1887, 1890, 1893, 1896, 1899, 1902, 1905, 1908, 1911, 1914], "summary": {"covered_lines": 578, "num_statements": 578, "percent_covered": 100.0, "percent_covered_display": "100", "missing_lines": 0, "excluded_lines": 0, "num_branches": 154, "num_partial_branches": 0, "covered_branches": 154, "missing_branches": 0}, "missing_lines": [], "excluded_lines": [], "executed_branches": [[97, 98], [97, 107], [113, 114], [113, 115], [169, 170], [169, 189], [172, -172], [172, 172], [172, 176], [176, 177], [176, 181], [245, 245], [245, 247], [245, 252], [278, 279], [278, 285], [334, 335], [334, 341], [335, 336], [335, 338], [341, 342], [341, 355], [342, 343], [342, 345], [345, 346], [345, 349], [384, 384], [384, 386], [384, 388], [422, 423], [422, 428], [453, 454], [453, 456], [453, 460], [490, 491], [490, 494], [527, 528], [527, 538], [533, 534], [533, 535], [568, 569], [568, 572], [606, 607], [606, 617], [612, 613], [612, 614], [647, 648], [647, 653], [678, 679], [678, 681], [678, 685], [715, 716], [715, 721], [754, 755], [754, 763], [758, 759], [758, 760], [793, 794], [793, 799], [832, 834], [832, 843], [838, 839], [838, 840], [874, 875], [874, 881], [914, 916], [914, 927], [914, 930], [927, 928], [927, 934], [960, 961], [960, 964], [960, 966], [964, 965], [964, 970], [1001, 1002], [1001, 1003], [1001, 1015], [1003, 1004], [1003, 1006], [1009, 1010], [1009, 1020], [1015, 1016], [1015, 1017], [1051, 1052], [1051, 1053], [1051, 1065], [1053, 1054], [1053, 1056], [1059, 1060], [1059, 1070], [1065, 1066], [1065, 1067], [1096, 1097], [1096, 1100], [1096, 1102], [1100, 1101], [1100, 1106], [1137, 1138], [1137, 1139], [1137, 1149], [1139, 1140], [1139, 1142], [1145, 1146], [1145, 1154], [1149, 1150], [1149, 1151], [1185, 1186], [1185, 1187], [1185, 1198], [1187, 1188], [1187, 1190], [1193, 1195], [1193, 1203], [1198, 1199], [1198, 1200], [1234, 1235], [1234, 1236], [1234, 1247], [1236, 1237], [1236, 1239], [1242, 1244], [1242, 1252], [1247, 1248], [1247, 1249], [1277, 1279], [1277, 1283], [1277, 1287], [1312, 1314], [1312, 1318], [1312, 1322], [1357, 1359], [1357, 1368], [1363, 1364], [1363, 1365], [1392, 1393], [1392, 1396], [1420, 1421], [1420, 1424], [1448, 1449], [1448, 1452], [1477, 1478], [1477, 1481], [1505, 1506], [1505, 1509], [1536, 1537], [1536, 1542], [1538, 1539], [1538, 1540], [1569, 1570], [1569, 1575], [1571, 1572], [1571, 1573], [1600, 1601], [1600, 1611], [1604, 1605], [1604, 1611], [1638, 1639], [1638, 1642], [1638, 1645], [1639, 1638], [1639, 1640], [1639, 1642], [1672, 1673], [1672, 1678], [1702, 1703], [1702, 1706], [1730, 1731], [1730, 1734], [1758, 1759], [1758, 1762]], "missing_branches": []}, "/mnt/mfitzpat/git-repos/czekitout/czekitout/convert.py": {"executed_lines": [14, 26, 31, 36, 39, 48, 98, 121, 122, 124, 125, 127, 131, 158, 160, 164, 168, 199, 201, 202, 204, 205, 206, 207, 208, 209, 211, 215, 249, 250, 252, 254, 256, 259, 261, 265, 289, 291, 294, 298, 302, 326, 327, 329, 333, 356, 357, 360, 362, 363, 365, 366, 367, 368, 370, 373, 374, 375, 376, 377, 378, 381, 382, 383, 384, 385, 386, 388, 392, 415, 416, 418, 419, 420, 422, 423, 424, 425, 426, 428, 430, 434, 457, 458, 460, 461, 462, 464, 465, 466, 467, 468, 470, 472, 476, 502, 503, 505, 506, 507, 509, 510, 511, 512, 513, 515, 517, 521, 547, 548, 550, 551, 552, 554, 555, 556, 557, 558, 560, 562, 566, 592, 593, 595, 596, 597, 599, 600, 601, 602, 603, 605, 607, 611, 637, 638, 640, 641, 642, 644, 645, 646, 647, 648, 650, 652, 656, 679, 681, 683, 687, 691, 715, 716, 718, 722, 748, 750, 752, 756, 760, 786, 788, 791, 795, 821, 823, 825, 829, 833, 859, 861, 864, 868, 894, 896, 898, 902, 906, 929, 930, 932, 936, 962, 964, 966, 970, 974, 1000, 1002, 1005, 1009, 1036, 1038, 1040, 1044, 1048, 1075, 1077, 1080, 1084, 1107, 1109, 1110, 1112, 1116, 1142, 1144, 1145, 1147, 1151, 1178, 1180, 1181, 1183, 1187, 1210, 1212, 1213, 1215, 1219, 1245, 1247, 1248, 1250, 1254, 1281, 1283, 1284, 1286, 1290, 1317, 1319, 1320, 1322, 1326, 1350, 1352, 1353, 1357, 1361, 1384, 1386, 1387, 1391, 1395, 1423, 1425, 1426, 1430, 1434, 1458, 1460, 1461, 1463, 1464, 1465, 1466, 1467, 1468, 1470, 1474, 1497, 1498, 1500, 1501, 1502, 1503, 1504, 1506, 1510, 1533, 1534, 1536, 1537, 1538, 1540, 1541, 1542, 1543, 1544, 1546, 1550, 1573, 1574, 1576, 1577, 1578, 1580, 1581, 1582, 1583, 1584, 1586, 1590, 1613, 1614, 1616, 1617, 1618, 1620, 1621, 1622, 1623, 1624, 1626, 1630, 1653, 1654, 1656, 1657, 1658, 1660, 1661, 1662, 1663, 1664, 1666, 1670, 1696, 1697, 1699, 1701, 1702, 1703, 1704, 1706, 1707, 1709, 1710, 1711, 1712, 1713, 1714, 1716, 1720, 1746, 1747, 1749, 1751, 1752, 1753, 1754, 1756, 1757, 1759, 1760, 1761, 1762, 1763, 1764, 1766, 1770, 1793, 1794, 1796, 1797, 1799, 1803, 1826, 1827, 1829, 1830, 1832, 1836, 1859, 1860, 1862, 1863, 1864, 1865, 1866, 1867, 1868, 1870, 1874, 1897, 1898, 1900, 1901, 1902, 1903, 1904, 1905, 1906, 1908, 1916, 1919, 1922, 1925, 1928, 1931, 1934, 1937, 1940, 1943], "summary": {"covered_lines": 395, "num_statements": 395, "percent_covered": 100.0, "percent_covered_display": "100", "missing_lines": 0, "excluded_lines": 0, "num_branches": 58, "num_partial_branches": 0, "covered_branches": 58, "missing_branches": 0}, "missing_lines": [], "excluded_lines": [], "executed_branches": [[121, 122], [121, 124], [201, 202], [201, 204], [252, 254], [252, 259], [294, -294], [294, 294], [294, 298], [365, 366], [365, 367], [367, 368], [367, 370], [683, -683], [683, 683], [683, 687], [752, -752], [752, 752], [752, 756], [825, -825], [825, 825], [825, 829], [898, -898], [898, 898], [898, 902], [966, -966], [966, 966], [966, 970], [1040, -1040], [1040, 1040], [1040, 1044], [1353, -1353], [1353, 1353], [1353, 1357], [1387, -1387], [1387, 1387], [1387, 1391], [1426, -1426], [1426, 1426], [1426, 1430], [1460, 1461], [1460, 1463], [1497, 1498], [1497, 1500], [1533, 1534], [1533, 1536], [1573, 1574], [1573, 1576], [1613, 1614], [1613, 1616], [1653, 1654], [1653, 1656], [1696, 1697], [1696, 1699], [1711, 1712], [1711, 1713], [1746, 1747], [1746, 1749], [1761, 1762], [1761, 1763], [1793, 1794], [1793, 1796], [1826, 1827], [1826, 1829], [1859, 1860], [1859, 1862], [1897, 1898], [1897, 1900]], "missing_branches": []}, "/mnt/mfitzpat/git-repos/czekitout/czekitout/isa.py": {"executed_lines": [14, 25, 34, 55, 70, 72, 76, 94, 96, 97, 98, 99, 100, 101, 103, 105, 109, 124, 126, 127, 129, 131, 135, 150, 152, 153, 155, 157, 161, 176, 178, 179, 181, 183, 187, 202, 204, 205, 207, 209, 213, 228, 230, 231, 233, 235, 239, 254, 256, 257, 259, 261, 265, 280, 282, 283, 285, 287, 291, 306, 307, 309, 311, 315, 330, 331, 333, 335, 339, 354, 356, 359, 361, 365, 380, 381, 383, 385, 389, 404, 406, 407, 409, 411, 415, 430, 431, 433, 435, 439, 456, 457, 459, 461, 465, 480, 481, 483, 485, 489, 504, 505, 507, 509], "summary": {"covered_lines": 103, "num_statements": 103, "percent_covered": 100.0, "percent_covered_display": "100", "missing_lines": 0, "excluded_lines": 0, "num_branches": 18, "num_partial_branches": 0, "covered_branches": 18, "missing_branches": 0}, "missing_lines": [], "excluded_lines": [], "executed_branches": [[96, 97], [96, 103], [126, 127], [126, 129], [152, 153], [152, 155], [178, 179], [178, 181], [204, 205], [204, 207], [230, 231], [230, 233], [256, 257], [256, 259], [282, 283], [282, 285], [406, 407], [406, 409]], "missing_branches": []}, "/mnt/mfitzpat/git-repos/czekitout/czekitout/name.py": {"executed_lines": [14, 32, 36, 50, 51, 53, 54, 56, 58, 59, 61, 63], "summary": {"covered_lines": 11, "num_statements": 11, "percent_covered": 100.0, "percent_covered_display": "100", "missing_lines": 0, "excluded_lines": 0, "num_branches": 4, "num_partial_branches": 0, "covered_branches": 4, "missing_branches": 0}, "missing_lines": [], "excluded_lines": [], "executed_branches": [[50, 51], [50, 53], [58, 59], [58, 61]], "missing_branches": []}, "test_check.py": {"executed_lines": [14, 25, 28, 33, 43, 44, 46, 53, 55, 64, 66, 73, 74, 77, 78, 80, 81, 82, 83, 84, 86, 90, 91, 93, 100, 101, 102, 104, 105, 107, 109, 117, 119, 125, 126, 129, 130, 132, 133, 134, 135, 136, 138, 142, 143, 145, 147, 149, 150, 151, 153, 154, 155, 157, 158, 159, 160, 162, 163, 164, 165, 167, 168, 169, 170, 172, 176, 177, 179, 180, 182, 184, 185, 187, 188, 189, 191, 192, 193, 195, 196, 197, 198, 199, 200, 202, 203, 204, 205, 206, 207, 209], "summary": {"covered_lines": 91, "num_statements": 91, "percent_covered": 100.0, "percent_covered_display": "100", "missing_lines": 0, "excluded_lines": 0, "num_branches": 26, "num_partial_branches": 0, "covered_branches": 26, "missing_branches": 0}, "missing_lines": [], "excluded_lines": [], "executed_branches": [[64, -64], [64, 64], [64, 66], [73, 74], [73, 86], [77, 78], [77, 80], [82, 83], [82, 84], [117, -117], [117, 117], [117, 119], [125, 126], [125, 138], [129, 130], [129, 132], [134, 135], [134, 136], [159, 160], [159, 162], [164, 165], [164, 167], [169, 170], [169, 172], [198, 199], [198, 200], [205, 206], [205, 207]], "missing_branches": []}, "test_convert.py": {"executed_lines": [14, 25, 28, 31, 34, 39, 42, 47, 57, 58, 59, 60, 62, 66, 70, 71, 72, 73, 75, 85, 89, 90, 91, 92, 93, 94, 95, 96, 97, 98, 99, 100, 101, 102, 103, 104, 106, 121, 125, 126, 127, 128, 129, 130, 132, 137, 141, 142, 143, 159, 161, 162, 163, 164, 165, 167, 168, 170, 174, 175, 176, 187, 191, 192, 193, 201, 203, 204, 206, 207, 208, 209, 210, 211, 212, 214, 215, 217, 218, 220, 221, 222, 224, 225, 226, 228, 229, 230, 232, 233, 234, 236, 237, 238, 240, 244, 245, 246, 247, 249, 250, 252, 283, 285, 286, 287, 288, 289, 290, 292, 296, 297, 299, 301, 304, 307, 309, 311, 314, 315, 316, 318, 319, 320, 321, 323, 324, 326, 327, 329, 333, 335, 339, 341, 345, 347, 349, 353, 357, 359, 361, 362, 363, 365, 369, 371, 375, 377, 381, 383, 385, 395, 399, 401, 403, 404, 405, 407, 411, 413, 417, 419, 423, 425, 427, 429, 431, 433, 435, 438, 440, 455, 459, 461, 467, 468, 469, 471, 475, 477, 481, 483, 487, 489, 491, 493, 495, 498, 500, 515, 519, 521, 529, 530, 531, 533, 537, 539, 543, 545, 549, 551, 552, 554, 556, 561, 565, 567, 569, 570, 571, 573, 577, 579, 583, 585, 589, 591, 592, 594, 599, 603, 605, 607, 608, 609, 611, 615, 617, 621, 623, 627, 629, 630, 631, 632, 633, 634, 635, 636, 640, 642, 646, 648, 649, 650, 651, 653, 655, 659, 661, 665, 667, 671, 673, 674, 675, 676, 677, 678, 679, 680, 684, 686, 690, 692, 693, 694, 695, 697, 699, 703, 705, 709, 711, 715, 717, 718, 719, 720, 721, 722, 723, 724, 728, 730, 734, 736, 737, 738, 739, 741, 742, 744, 746, 750, 752, 756, 758, 762, 764, 765, 766, 767, 768, 769, 770, 771, 775, 777, 781, 783, 784, 785, 786, 788, 789, 791, 793, 797, 799, 803, 805, 809, 811, 812, 813, 814, 815, 816, 817, 818, 822, 824, 828, 830, 831, 832, 835, 837, 838, 840, 842, 846, 848, 852, 854, 858, 860, 861, 862, 863, 864, 865, 866, 867, 871, 873, 877, 879, 880, 881, 884, 886, 887, 889, 891, 895, 897, 901, 903, 907, 909, 910, 911, 912, 913, 917, 919, 923, 925, 926, 927, 928, 930, 932, 936, 938, 942, 944, 948, 950, 951, 952, 953, 954, 958, 960, 964, 966, 967, 968, 969, 971, 973, 977, 979, 983, 985, 989, 991, 992, 993, 994, 995, 999, 1001, 1005, 1007, 1008, 1009, 1010, 1011, 1012, 1014, 1016, 1020, 1022, 1026, 1028, 1032, 1034, 1035, 1036, 1037, 1038, 1042, 1044, 1048, 1050, 1051, 1052, 1053, 1054, 1055, 1057, 1059, 1063, 1065, 1069, 1071, 1075, 1077, 1078, 1079, 1080, 1082, 1083, 1087, 1091, 1093, 1094, 1095, 1096, 1097, 1098, 1100, 1102, 1106, 1108, 1112, 1114, 1118, 1120, 1121, 1122, 1123, 1125, 1126, 1130, 1134, 1136, 1137, 1138, 1139, 1140, 1141, 1143, 1145, 1149, 1151, 1155, 1157, 1161, 1163, 1164, 1165, 1166, 1167, 1171, 1173, 1177, 1179, 1180, 1181, 1182, 1184, 1186, 1190, 1192, 1196, 1198, 1202, 1204, 1205, 1206, 1207, 1208, 1212, 1214, 1218, 1220, 1221, 1222, 1223, 1225, 1226, 1228, 1230, 1234, 1236, 1240, 1242, 1246, 1248, 1249, 1250, 1251, 1252, 1256, 1258, 1262, 1264, 1265, 1266, 1267, 1269, 1270, 1272, 1274, 1278, 1280, 1284, 1286, 1290, 1292, 1293, 1294, 1295, 1296, 1300, 1302, 1306, 1308, 1309, 1310, 1311, 1313, 1315, 1319, 1321, 1325, 1327, 1331, 1333, 1334, 1335, 1336, 1337, 1341, 1343, 1347, 1349, 1350, 1351, 1352, 1354, 1355, 1357, 1359, 1363, 1365, 1369, 1371, 1375, 1377, 1378, 1379, 1380, 1381, 1385, 1387, 1391, 1393, 1394, 1395, 1396, 1398, 1399, 1401, 1403, 1407, 1409, 1413, 1415, 1419, 1421, 1422, 1423, 1426, 1427, 1431, 1433, 1437, 1439, 1440, 1441, 1444, 1446, 1447, 1449, 1451, 1455, 1457, 1461, 1463, 1467, 1469, 1470, 1471, 1472, 1474, 1475, 1478, 1482, 1484, 1485, 1486, 1487, 1489, 1491, 1495, 1497, 1501, 1503, 1507, 1509, 1510, 1511, 1512, 1513, 1516, 1518, 1522, 1524, 1525, 1526, 1527, 1529, 1531, 1535, 1537, 1541, 1543, 1547, 1549, 1550, 1551, 1554, 1555, 1558, 1560, 1564, 1566, 1567, 1568, 1571, 1573, 1574, 1576, 1578, 1582, 1584, 1588, 1590, 1594, 1596, 1598, 1599, 1600, 1601, 1603, 1604, 1605, 1606, 1608, 1610, 1614, 1616, 1618, 1619, 1620, 1621, 1623, 1625, 1629, 1631, 1635, 1637, 1641, 1643, 1645, 1646, 1647, 1648, 1650, 1651, 1652, 1653, 1655, 1657, 1661, 1663, 1665, 1666, 1667, 1668, 1670, 1672, 1676, 1678, 1682, 1684, 1688, 1690, 1692, 1693, 1694, 1695, 1697, 1698, 1699, 1700, 1702, 1704, 1708, 1710, 1712, 1713, 1714, 1715, 1717, 1719, 1723, 1725, 1729, 1731, 1735, 1737, 1739, 1740, 1741, 1742, 1744, 1745, 1746, 1747, 1749, 1751, 1755, 1757, 1759, 1760, 1761, 1762, 1763, 1765, 1767, 1769, 1773, 1775, 1779, 1781, 1785, 1787, 1789, 1790, 1791, 1792, 1794, 1795, 1796, 1797, 1799, 1801, 1805, 1807, 1809, 1810, 1811, 1812, 1813, 1815, 1817, 1819, 1823, 1825, 1829, 1831, 1835, 1837, 1839, 1840, 1841, 1842, 1844, 1845, 1846, 1847, 1849, 1851, 1855, 1857, 1859, 1860, 1861, 1862, 1863, 1865, 1867, 1869, 1873, 1875, 1879, 1881, 1885, 1887, 1889, 1890, 1891, 1893, 1895, 1896, 1897, 1898, 1900, 1902, 1906, 1908, 1910, 1911, 1912, 1914, 1915, 1917, 1919, 1921, 1925, 1927, 1931, 1933, 1937, 1939, 1940, 1941, 1942, 1944, 1945, 1947, 1951, 1953, 1954, 1955, 1956, 1958, 1960, 1964, 1966, 1970, 1972, 1976, 1978, 1979, 1980, 1981, 1983, 1984, 1986, 1990, 1992, 1993, 1994, 1995, 1997, 1999, 2003, 2005, 2009, 2011, 2015, 2017, 2018, 2019, 2022, 2023, 2025, 2027, 2031, 2033, 2034, 2035, 2038, 2040, 2042, 2046, 2048, 2052, 2054, 2058, 2060, 2061, 2062, 2063, 2064, 2066, 2068, 2072, 2074, 2075, 2076, 2077, 2079, 2081, 2085, 2087, 2091, 2093, 2097, 2099, 2100, 2101, 2102, 2103, 2105, 2107, 2111, 2113, 2114, 2115, 2116, 2118, 2120, 2124, 2126, 2130, 2132, 2136, 2138, 2139, 2140, 2141, 2142, 2144, 2146, 2150, 2152, 2153, 2154, 2155, 2157, 2159, 2163, 2165, 2169, 2171, 2175, 2177, 2178, 2179, 2183, 2184, 2186, 2188, 2192, 2194, 2195, 2196, 2200, 2202, 2203, 2205, 2207, 2211, 2213, 2217, 2219, 2223, 2225, 2226, 2227, 2228, 2229, 2231, 2233, 2237, 2239, 2240, 2241, 2242, 2244, 2245, 2247, 2249, 2253, 2255, 2259, 2261, 2265, 2267, 2268, 2269, 2270, 2271, 2273, 2275, 2279, 2281, 2282, 2283, 2284, 2286, 2288, 2292, 2294, 2298, 2300, 2304, 2306, 2307, 2308, 2309, 2310, 2312, 2314, 2318, 2320, 2321, 2322, 2323, 2325, 2327, 2331, 2333, 2337, 2339, 2343, 2345, 2346, 2347, 2348, 2350, 2351, 2353, 2357, 2359, 2360, 2361, 2362, 2364, 2366, 2370, 2372, 2376, 2378, 2382, 2384, 2385, 2386, 2387, 2388, 2390, 2392, 2396, 2398, 2399, 2400, 2401, 2403, 2405], "summary": {"covered_lines": 1098, "num_statements": 1098, "percent_covered": 100.0, "percent_covered_display": "100", "missing_lines": 0, "excluded_lines": 0, "num_branches": 476, "num_partial_branches": 0, "covered_branches": 476, "missing_branches": 0}, "missing_lines": [], "excluded_lines": [], "executed_branches": [[58, 57], [58, 70], [71, 70], [71, 89], [90, 89], [90, 125], [126, 125], [126, 141], [142, 141], [142, 174], [161, 162], [161, 167], [175, 174], [175, 191], [192, 191], [192, 244], [203, 204], [203, 236], [209, 210], [209, 214], [211, 212], [211, 214], [217, 203], [217, 218], [245, 244], [245, 296], [285, 286], [285, 292], [287, 285], [287, 288], [318, 319], [318, 329], [323, 324], [323, 326], [326, 318], [326, 327], [362, 363], [362, 365], [404, 405], [404, 407], [468, 469], [468, 471], [498, -498], [498, 498], [498, 500], [530, 531], [530, 533], [570, 571], [570, 573], [608, 609], [608, 611], [630, 631], [630, 642], [631, 632], [631, 634], [634, 635], [634, 640], [649, 650], [649, 655], [650, 651], [650, 653], [674, 675], [674, 686], [675, 676], [675, 678], [678, 679], [678, 684], [680, -680], [680, 674], [680, 680], [693, 694], [693, 699], [694, 695], [694, 697], [718, 719], [718, 730], [719, 720], [719, 722], [722, 723], [722, 728], [737, 738], [737, 746], [738, 739], [738, 741], [741, 742], [741, 744], [765, 766], [765, 777], [766, 767], [766, 769], [769, 770], [769, 775], [771, -771], [771, 765], [771, 771], [784, 785], [784, 793], [785, 786], [785, 788], [788, 789], [788, 791], [812, 813], [812, 824], [813, 814], [813, 816], [816, 817], [816, 822], [831, 832], [831, 842], [832, 832], [832, 835], [832, 837], [837, 838], [837, 840], [861, 862], [861, 873], [862, 863], [862, 865], [865, 866], [865, 871], [867, -867], [867, 861], [867, 867], [880, 881], [880, 891], [881, 881], [881, 884], [881, 886], [886, 887], [886, 889], [910, 911], [910, 919], [912, 913], [912, 917], [926, 927], [926, 932], [927, 928], [927, 930], [951, 952], [951, 960], [953, 954], [953, 958], [954, -954], [954, 951], [954, 954], [967, 968], [967, 973], [968, 969], [968, 971], [992, 993], [992, 1001], [993, 994], [993, 999], [1008, 1009], [1008, 1016], [1009, 1010], [1009, 1011], [1011, 1012], [1011, 1014], [1035, 1036], [1035, 1044], [1036, 1037], [1036, 1042], [1038, -1038], [1038, 1035], [1038, 1038], [1051, 1052], [1051, 1059], [1052, 1053], [1052, 1054], [1054, 1055], [1054, 1057], [1078, 1079], [1078, 1087], [1079, 1080], [1079, 1082], [1094, 1095], [1094, 1102], [1095, 1096], [1095, 1097], [1097, 1098], [1097, 1100], [1121, 1122], [1121, 1130], [1122, 1123], [1122, 1125], [1126, -1126], [1126, 1121], [1126, 1126], [1137, 1138], [1137, 1145], [1138, 1139], [1138, 1140], [1140, 1141], [1140, 1143], [1164, 1165], [1164, 1173], [1165, 1166], [1165, 1171], [1167, -1167], [1167, 1164], [1167, 1167], [1180, 1181], [1180, 1186], [1181, 1182], [1181, 1184], [1205, 1206], [1205, 1214], [1206, 1207], [1206, 1212], [1208, -1208], [1208, 1205], [1208, 1208], [1221, 1222], [1221, 1230], [1222, 1223], [1222, 1225], [1225, 1226], [1225, 1228], [1249, 1250], [1249, 1258], [1250, 1251], [1250, 1256], [1252, -1252], [1252, 1249], [1252, 1252], [1265, 1266], [1265, 1274], [1266, 1267], [1266, 1269], [1269, 1270], [1269, 1272], [1293, 1294], [1293, 1302], [1294, 1295], [1294, 1300], [1296, -1296], [1296, 1293], [1296, 1296], [1309, 1310], [1309, 1315], [1310, 1311], [1310, 1313], [1334, 1335], [1334, 1343], [1335, 1336], [1335, 1341], [1337, -1337], [1337, 1334], [1337, 1337], [1350, 1351], [1350, 1359], [1351, 1352], [1351, 1354], [1354, 1355], [1354, 1357], [1378, 1379], [1378, 1387], [1379, 1380], [1379, 1385], [1381, -1381], [1381, 1378], [1381, 1381], [1394, 1395], [1394, 1403], [1395, 1396], [1395, 1398], [1398, 1399], [1398, 1401], [1422, 1423], [1422, 1433], [1423, 1423], [1423, 1426], [1423, 1431], [1427, -1427], [1427, 1422], [1427, 1427], [1440, 1441], [1440, 1451], [1441, 1441], [1441, 1444], [1441, 1446], [1446, 1447], [1446, 1449], [1470, 1471], [1470, 1478], [1471, 1472], [1471, 1474], [1475, -1475], [1475, 1470], [1475, 1475], [1485, 1486], [1485, 1491], [1486, 1487], [1486, 1489], [1510, 1511], [1510, 1518], [1511, 1512], [1511, 1516], [1513, -1513], [1513, 1510], [1513, 1513], [1525, 1526], [1525, 1531], [1526, 1527], [1526, 1529], [1550, 1551], [1550, 1560], [1551, 1551], [1551, 1554], [1551, 1558], [1555, -1555], [1555, 1550], [1555, 1555], [1567, 1568], [1567, 1578], [1568, 1568], [1568, 1571], [1568, 1573], [1573, 1574], [1573, 1576], [1599, 1600], [1599, 1610], [1600, 1601], [1600, 1603], [1605, 1606], [1605, 1608], [1619, 1620], [1619, 1625], [1620, 1621], [1620, 1623], [1646, 1647], [1646, 1657], [1647, 1648], [1647, 1650], [1652, 1653], [1652, 1655], [1666, 1667], [1666, 1672], [1667, 1668], [1667, 1670], [1693, 1694], [1693, 1704], [1694, 1695], [1694, 1697], [1699, 1700], [1699, 1702], [1713, 1714], [1713, 1719], [1714, 1715], [1714, 1717], [1740, 1741], [1740, 1751], [1741, 1742], [1741, 1744], [1746, 1747], [1746, 1749], [1760, 1761], [1760, 1769], [1761, 1762], [1761, 1767], [1762, 1763], [1762, 1765], [1790, 1791], [1790, 1801], [1791, 1792], [1791, 1794], [1796, 1797], [1796, 1799], [1810, 1811], [1810, 1819], [1811, 1812], [1811, 1817], [1812, 1813], [1812, 1815], [1840, 1841], [1840, 1851], [1841, 1842], [1841, 1844], [1846, 1847], [1846, 1849], [1860, 1861], [1860, 1869], [1861, 1862], [1861, 1867], [1862, 1863], [1862, 1865], [1890, 1891], [1890, 1902], [1891, 1891], [1891, 1893], [1891, 1895], [1897, 1898], [1897, 1900], [1911, 1912], [1911, 1921], [1912, 1912], [1912, 1914], [1912, 1919], [1914, 1915], [1914, 1917], [1940, 1941], [1940, 1947], [1941, 1942], [1941, 1944], [1954, 1955], [1954, 1960], [1955, 1956], [1955, 1958], [1979, 1980], [1979, 1986], [1980, 1981], [1980, 1983], [1993, 1994], [1993, 1999], [1994, 1995], [1994, 1997], [2018, 2019], [2018, 2027], [2019, 2019], [2019, 2022], [2019, 2025], [2034, 2035], [2034, 2042], [2035, 2035], [2035, 2038], [2035, 2040], [2061, 2062], [2061, 2068], [2062, 2063], [2062, 2066], [2075, 2076], [2075, 2081], [2076, 2077], [2076, 2079], [2100, 2101], [2100, 2107], [2101, 2102], [2101, 2105], [2114, 2115], [2114, 2120], [2115, 2116], [2115, 2118], [2139, 2140], [2139, 2146], [2140, 2141], [2140, 2144], [2153, 2154], [2153, 2159], [2154, 2155], [2154, 2157], [2178, 2179], [2178, 2188], [2179, 2179], [2179, 2183], [2179, 2186], [2195, 2196], [2195, 2207], [2196, 2196], [2196, 2200], [2196, 2202], [2202, 2203], [2202, 2205], [2226, 2227], [2226, 2233], [2227, 2228], [2227, 2231], [2240, 2241], [2240, 2249], [2241, 2242], [2241, 2244], [2244, 2245], [2244, 2247], [2268, 2269], [2268, 2275], [2269, 2270], [2269, 2273], [2282, 2283], [2282, 2288], [2283, 2284], [2283, 2286], [2307, 2308], [2307, 2314], [2308, 2309], [2308, 2312], [2321, 2322], [2321, 2327], [2322, 2323], [2322, 2325], [2346, 2347], [2346, 2353], [2347, 2348], [2347, 2350], [2360, 2361], [2360, 2366], [2361, 2362], [2361, 2364], [2385, 2386], [2385, 2392], [2386, 2387], [2386, 2390], [2399, 2400], [2399, 2405], [2400, 2401], [2400, 2403]], "missing_branches": []}, "test_name.py": {"executed_lines": [14, 25, 30, 40, 41, 42, 44, 47, 50, 51, 52, 54, 56, 58, 59, 60, 62], "summary": {"covered_lines": 16, "num_statements": 16, "percent_covered": 100.0, "percent_covered_display": "100", "missing_lines": 0, "excluded_lines": 0, "num_branches": 4, "num_partial_branches": 0, "covered_branches": 4, "missing_branches": 0}, "missing_lines": [], "excluded_lines": [], "executed_branches": [[51, 52], [51, 54], [59, 60], [59, 62]], "missing_branches": []}}, "totals": {"covered_lines": 2297, "num_statements": 2297, "percent_covered": 100.0, "percent_covered_display": "100", "missing_lines": 0, "excluded_lines": 0, "num_branches": 740, "num_partial_branches": 0, "covered_branches": 740, "missing_branches": 0}}